Build started 2012-6-21 14:28:34.
     1>Project "D:\House-type-image\识别\cv\WallsRecognition\WallsRecognition.vcxproj" on node 2 (build target(s)).
     1>InitializeBuildStatus:
         Creating "Debug\WallsRecognition.unsuccessfulbuild" because "AlwaysCreate" was specified.
       ClCompile:
         All outputs are up-to-date.
         C:\Program Files\Microsoft Visual Studio 10.0\VC\bin\CL.exe /c /ZI /nologo /W3 /WX- /Od /Oy- /D WIN32 /D _WINDOWS /D _DEBUG /D _UNICODE /D UNICODE /D _AFXDLL /Gm /EHsc /RTC1 /MDd /GS /fp:precise /Zc:wchar_t /Zc:forScope /Yu"StdAfx.h" /Fp"Debug\WallsRecognition.pch" /Fo"Debug\\" /Fd"Debug\vc100.pdb" /Gd /TP /analyze- /errorReport:prompt WallsRecognitionDlg.cpp
         WallsRecognitionDlg.cpp
     1>d:\house-type-image\识别\cv\wallsrecognition\wallsrecognitiondlg.cpp(216): warning C4244: '=' : conversion from 'const double' to 'int', possible loss of data
     1>d:\house-type-image\识别\cv\wallsrecognition\wallsrecognitiondlg.cpp(217): warning C4244: '=' : conversion from 'const double' to 'int', possible loss of data
     1>d:\house-type-image\识别\cv\wallsrecognition\wallsrecognitiondlg.cpp(219): warning C4244: '=' : conversion from 'const double' to 'int', possible loss of data
     1>d:\house-type-image\识别\cv\wallsrecognition\wallsrecognitiondlg.cpp(220): warning C4244: '=' : conversion from 'const double' to 'int', possible loss of data
     1>d:\house-type-image\识别\cv\wallsrecognition\wallsrecognitiondlg.cpp(248): warning C4244: '=' : conversion from 'const double' to 'int', possible loss of data
     1>d:\house-type-image\识别\cv\wallsrecognition\wallsrecognitiondlg.cpp(249): warning C4244: '=' : conversion from 'const double' to 'int', possible loss of data
     1>d:\house-type-image\识别\cv\wallsrecognition\wallsrecognitiondlg.cpp(260): warning C4244: '=' : conversion from 'const double' to 'int', possible loss of data
     1>d:\house-type-image\识别\cv\wallsrecognition\wallsrecognitiondlg.cpp(261): warning C4244: '=' : conversion from 'const double' to 'int', possible loss of data
     1>d:\house-type-image\识别\cv\wallsrecognition\wallsrecognitiondlg.cpp(272): warning C4244: '=' : conversion from 'const double' to 'int', possible loss of data
     1>d:\house-type-image\识别\cv\wallsrecognition\wallsrecognitiondlg.cpp(273): warning C4244: '=' : conversion from 'const double' to 'int', possible loss of data
     1>d:\house-type-image\识别\cv\wallsrecognition\wallsrecognitiondlg.cpp(282): warning C4018: '<' : signed/unsigned mismatch
     1>d:\house-type-image\识别\cv\wallsrecognition\wallsrecognitiondlg.cpp(285): warning C4244: '=' : conversion from 'double' to 'int', possible loss of data
     1>d:\house-type-image\识别\cv\wallsrecognition\wallsrecognitiondlg.cpp(286): warning C4244: '=' : conversion from 'double' to 'int', possible loss of data
       ResourceCompile:
         All outputs are up-to-date.
       ManifestResourceCompile:
         All outputs are up-to-date.
       Link:
         C:\Program Files\Microsoft Visual Studio 10.0\VC\bin\link.exe /ERRORREPORT:PROMPT /OUT:"D:\House-type-image\识别\cv\Debug\WallsRecognition.exe" /INCREMENTAL /NOLOGO opencv_core220d.lib opencv_highgui220d.lib opencv_video220d.lib opencv_ml220d.lib opencv_legacy220d.lib opencv_imgproc220d.lib /MANIFEST /ManifestFile:"Debug\WallsRecognition.exe.intermediate.manifest" /MANIFESTUAC:"level='asInvoker' uiAccess='false'" /DEBUG /PDB:"D:\House-type-image\识别\cv\Debug\WallsRecognition.pdb" /SUBSYSTEM:WINDOWS /TLBID:1 /ENTRY:"wWinMainCRTStartup" /DYNAMICBASE /NXCOMPAT /IMPLIB:"D:\House-type-image\识别\cv\Debug\WallsRecognition.lib" /MACHINE:X86 Debug\WallsRecognition.res
         Debug\WallsRecognition.exe.embed.manifest.res
         Debug\ImageProcess.obj
         Debug\stdafx.obj
         Debug\WallsRecognition.obj
         Debug\WallsRecognitionDlg.obj
       Manifest:
         C:\Program Files\Microsoft SDKs\Windows\v7.0A\bin\mt.exe /nologo /verbose /out:"Debug\WallsRecognition.exe.embed.manifest" /manifest Debug\WallsRecognition.exe.intermediate.manifest "C:\Program Files\Microsoft Visual Studio 10.0\VC\Include\Manifest\dpiaware.manifest"
         All outputs are up-to-date.
       LinkEmbedManifest:
         All outputs are up-to-date.
         WallsRecognition.vcxproj -> D:\House-type-image\识别\cv\Debug\WallsRecognition.exe
       FinalizeBuildStatus:
         Deleting file "Debug\WallsRecognition.unsuccessfulbuild".
         Touching "Debug\WallsRecognition.lastbuildstate".
     1>Done Building Project "D:\House-type-image\识别\cv\WallsRecognition\WallsRecognition.vcxproj" (build target(s)).

Build succeeded.

Time Elapsed 00:00:03.06
