Build started 2012-6-7 9:54:56.
     1>Project "D:\opencv\opencv\opencv.vcxproj" on node 2 (build target(s)).
     1>InitializeBuildStatus:
         Creating "Debug\opencv.unsuccessfulbuild" because "AlwaysCreate" was specified.
       ClCompile:
         C:\Program Files\Microsoft Visual Studio 10.0\VC\bin\CL.exe /c /ZI /nologo /W3 /WX- /Od /Oy- /D _MBCS /Gm /EHsc /RTC1 /MDd /GS /fp:precise /Zc:wchar_t /Zc:forScope /Fo"Debug\\" /Fd"Debug\vc100.pdb" /Gd /TP /analyze- /errorReport:prompt main.cpp
         main.cpp
     1>d:\opencv\opencv\main.cpp(374): warning C4804: '<' : unsafe use of type 'bool' in operation
     1>d:\opencv\opencv\main.cpp(396): warning C4018: '<' : signed/unsigned mismatch
     1>d:\opencv\opencv\main.cpp(468): warning C4804: '<' : unsafe use of type 'bool' in operation
     1>d:\opencv\opencv\main.cpp(490): warning C4018: '<' : signed/unsigned mismatch
     1>d:\opencv\opencv\main.cpp(546): warning C4018: '<' : signed/unsigned mismatch
       Link:
         C:\Program Files\Microsoft Visual Studio 10.0\VC\bin\link.exe /ERRORREPORT:PROMPT /OUT:"D:\opencv\Debug\opencv.exe" /NOLOGO opencv_core220d.lib opencv_highgui220d.lib opencv_video220d.lib opencv_ml220d.lib opencv_legacy220d.lib opencv_imgproc220d.lib kernel32.lib user32.lib gdi32.lib winspool.lib comdlg32.lib advapi32.lib shell32.lib ole32.lib oleaut32.lib uuid.lib odbc32.lib odbccp32.lib /MANIFEST /ManifestFile:"Debug\opencv.exe.intermediate.manifest" /MANIFESTUAC:"level='asInvoker' uiAccess='false'" /DEBUG /PDB:"D:\opencv\Debug\opencv.pdb" /TLBID:1 /DYNAMICBASE /NXCOMPAT /IMPLIB:"D:\opencv\Debug\opencv.lib" /MACHINE:X86 Debug\main.obj
         LINK : D:\opencv\Debug\opencv.exe not found or not built by the last incremental link; performing full link
         opencv.vcxproj -> D:\opencv\Debug\opencv.exe
       Manifest:
         C:\Program Files\Microsoft SDKs\Windows\v7.0A\bin\mt.exe /nologo /verbose /outputresource:"D:\opencv\Debug\opencv.exe;#1" /manifest Debug\opencv.exe.intermediate.manifest
       FinalizeBuildStatus:
         Deleting file "Debug\opencv.unsuccessfulbuild".
         Touching "Debug\opencv.lastbuildstate".
     1>Done Building Project "D:\opencv\opencv\opencv.vcxproj" (build target(s)).

Build succeeded.

Time Elapsed 00:00:03.15
