Build started 2012-6-26 15:17:20.
     1>Project "D:\House-type-image\识别\ProjectCalculation\ProjectCalculation\ProjectCalculation.vcxproj" on node 2 (build target(s)).
     1>InitializeBuildStatus:
         Creating "Debug\ProjectCalculation.unsuccessfulbuild" because "AlwaysCreate" was specified.
       ClCompile:
         C:\Program Files\Microsoft Visual Studio 10.0\VC\bin\CL.exe /c /ZI /nologo /W3 /WX- /Od /Oy- /D _MBCS /Gm /EHsc /RTC1 /MDd /GS /fp:precise /Zc:wchar_t /Zc:forScope /Fo"Debug\\" /Fd"Debug\vc100.pdb" /Gd /TP /analyze- /errorReport:prompt ProjectCalculation.cpp main.cpp
         ProjectCalculation.cpp
         Generating Code...
     1>d:\house-type-image\识别\projectcalculation\projectcalculation\projectcalculation.cpp(55): warning C4700: uninitialized local variable 'p' used
         Skipping... (no relevant changes detected)
         main.cpp
       Link:
         C:\Program Files\Microsoft Visual Studio 10.0\VC\bin\link.exe /ERRORREPORT:PROMPT /OUT:"D:\House-type-image\识别\ProjectCalculation\Debug\ProjectCalculation.exe" /NOLOGO tinyxml.lib kernel32.lib user32.lib gdi32.lib winspool.lib comdlg32.lib advapi32.lib shell32.lib ole32.lib oleaut32.lib uuid.lib odbc32.lib odbccp32.lib /NODEFAULTLIB:libcmt.lib /MANIFEST /ManifestFile:"Debug\ProjectCalculation.exe.intermediate.manifest" /MANIFESTUAC:"level='asInvoker' uiAccess='false'" /DEBUG /PDB:"D:\House-type-image\识别\ProjectCalculation\Debug\ProjectCalculation.pdb" /TLBID:1 /DYNAMICBASE /NXCOMPAT /IMPLIB:"D:\House-type-image\识别\ProjectCalculation\Debug\ProjectCalculation.lib" /MACHINE:X86 Debug\main.obj
         Debug\ProjectCalculation.obj
         Debug\xml.obj /NODEFAULTLIB:libcmt.lib
          
         LINK : D:\House-type-image\识别\ProjectCalculation\Debug\ProjectCalculation.exe not found or not built by the last incremental link; performing full link
     1>LINK : warning LNK4098: defaultlib 'LIBCMTD' conflicts with use of other libs; use /NODEFAULTLIB:library
         ProjectCalculation.vcxproj -> D:\House-type-image\识别\ProjectCalculation\Debug\ProjectCalculation.exe
       Manifest:
         C:\Program Files\Microsoft SDKs\Windows\v7.0A\bin\mt.exe /nologo /verbose /outputresource:"D:\House-type-image\识别\ProjectCalculation\Debug\ProjectCalculation.exe;#1" /manifest Debug\ProjectCalculation.exe.intermediate.manifest
       FinalizeBuildStatus:
         Deleting file "Debug\ProjectCalculation.unsuccessfulbuild".
         Touching "Debug\ProjectCalculation.lastbuildstate".
     1>Done Building Project "D:\House-type-image\识别\ProjectCalculation\ProjectCalculation\ProjectCalculation.vcxproj" (build target(s)).

Build succeeded.

Time Elapsed 00:00:01.93
